<?xml version="1.0" encoding="UTF-8"?>
<!-- Generated by org.testng.reporters.JUnitReportReporter -->
<testsuite hostname="RohitK" name="com.builds.baseutils.Grid" tests="1" failures="0" timestamp="4 Oct 2015 14:33:33 GMT" time="12.030" errors="0">
  <testcase name="runTestOnMachine" time="12.030" classname="com.builds.baseutils.Grid"/>
</testsuite> <!-- com.builds.baseutils.Grid -->
